<?xml version="1.0" encoding="UTF-8"?>
<!-- Generated by org.testng.reporters.JUnitXMLReporter -->
<testsuite ignored="0" hostname="shah4corp" failures="0" tests="4" name="Default test" time="4.759" errors="0" timestamp="2025-08-03T23:37:35 IST">
  <testcase classname="day1.HTTPRequests" name="getUsers" time="2.838"/>
  <testcase classname="day1.HTTPRequests" name="createUser" time="0.862"/>
  <testcase classname="day1.HTTPRequests" name="updateUser" time="0.52"/>
  <testcase classname="day1.HTTPRequests" name="deleteUser" time="0.469"/>
</testsuite> <!-- Default test -->
