<?xml version="1.0" encoding="UTF-8"?>
<!-- Generated by org.testng.reporters.JUnitXMLReporter -->
<testsuite ignored="0" hostname="shah4corp" failures="0" tests="4" name="Default test" time="6.295" errors="0" timestamp="2025-08-03T23:02:56 IST">
  <testcase classname="day1.HTTPRequests" name="getUsers" time="4.53"/>
  <testcase classname="day1.HTTPRequests" name="createUser" time="0.856"/>
  <testcase classname="day1.HTTPRequests" name="updateUser" time="0.466"/>
  <testcase classname="day1.HTTPRequests" name="deleteUser" time="0.294"/>
</testsuite> <!-- Default test -->
