<?xml version="1.0" encoding="UTF-8"?>
<testng-results ignored="0" total="1" passed="1" failed="0" skipped="0">
  <reporter-output>
  </reporter-output>
  <suite started-at="2025-08-16T12:59:28 IST" name="Default suite" finished-at="2025-08-16T12:59:30 IST" duration-ms="2131">
    <groups>
    </groups>
    <test started-at="2025-08-16T12:59:28 IST" name="Default test" finished-at="2025-08-16T12:59:30 IST" duration-ms="2131">
      <class name="day3.PathAndQueryParameters">
        <test-method signature="testPathAndQueryParameters()[pri:0, instance:day3.PathAndQueryParameters@145f66e3]" started-at="2025-08-16T12:59:28 IST" name="testPathAndQueryParameters" finished-at="2025-08-16T12:59:30 IST" duration-ms="2082" status="PASS">
          <reporter-output>
          </reporter-output>
        </test-method> <!-- testPathAndQueryParameters -->
      </class> <!-- day3.PathAndQueryParameters -->
    </test> <!-- Default test -->
  </suite> <!-- Default suite -->
</testng-results>
